# JRE version: OpenJDK Runtime Environment (17.0.2+8) (build 17.0.2+8-86)
# Java VM: OpenJDK 64-Bit Server VM (17.0.2+8-86, mixed mode, sharing, tiered, compressed oops, compressed class ptrs, g1 gc, linux-amd64)
GC Precious Log:
 CPUs: 8 total, 8 available
 Memory: 32034M
 Large Page Support: Disabled
 NUMA Support: Disabled
 Compressed Oops: Enabled (Zero based)
 Heap Region Size: 2M
 Heap Min Capacity: 128M
 Heap Initial Capacity: 128M
 Heap Max Capacity: 4G
 Pre-touch: Disabled
 Parallel Workers: 8
 Concurrent Workers: 2
 Concurrent Refinement Workers: 8
 Periodic GC: Disabled
Heap:
 garbage-first heap   total 507904K, used 217860K [0x0000000700000000, 0x0000000800000000)
  region size 2048K, 41 young (83968K), 10 survivors (20480K)
 Metaspace       used 69519K, committed 70208K, reserved 1114112K
  class space    used 9292K, committed 9600K, reserved 1048576K
GC Heap History (20 events):
Event: 7.152 GC heap before
{Heap before GC invocations=9 (full 0):
 garbage-first heap   total 200704K, used 138831K [0x0000000700000000, 0x0000000800000000)
  region size 2048K, 58 young (118784K), 1 survivors (2048K)
 Metaspace       used 21141K, committed 21504K, reserved 1073152K
  class space    used 2564K, committed 2752K, reserved 1048576K
}
Event: 7.208 GC heap after
{Heap after GC invocations=10 (full 0):
 garbage-first heap   total 200704K, used 36207K [0x0000000700000000, 0x0000000800000000)
  region size 2048K, 8 young (16384K), 8 survivors (16384K)
 Metaspace       used 21141K, committed 21504K, reserved 1073152K
  class space    used 2564K, committed 2752K, reserved 1048576K
}
Event: 8.723 GC heap before
{Heap before GC invocations=11 (full 0):
 garbage-first heap   total 143360K, used 105839K [0x0000000700000000, 0x0000000800000000)
  region size 2048K, 42 young (86016K), 8 survivors (16384K)
 Metaspace       used 23680K, committed 24064K, reserved 1073152K
  class space    used 2924K, committed 3072K, reserved 1048576K
}
Event: 8.789 GC heap after
{Heap after GC invocations=12 (full 0):
 garbage-first heap   total 143360K, used 44391K [0x0000000700000000, 0x0000000800000000)
  region size 2048K, 4 young (8192K), 4 survivors (8192K)
 Metaspace       used 23680K, committed 24064K, reserved 1073152K
  class space    used 2924K, committed 3072K, reserved 1048576K
}
Event: 8.799 GC heap before
{Heap before GC invocations=12 (full 0):
 garbage-first heap   total 143360K, used 46439K [0x0000000700000000, 0x0000000800000000)
  region size 2048K, 5 young (10240K), 4 survivors (8192K)
 Metaspace       used 23680K, committed 24064K, reserved 1073152K
  class space    used 2924K, committed 3072K, reserved 1048576K
}
Event: 8.840 GC heap after
{Heap after GC invocations=13 (full 0):
 garbage-first heap   total 143360K, used 45085K [0x0000000700000000, 0x0000000800000000)
  region size 2048K, 1 young (2048K), 1 survivors (2048K)
 Metaspace       used 23680K, committed 24064K, reserved 1073152K
  class space    used 2924K, committed 3072K, reserved 1048576K
}
Event: 9.445 GC heap before
{Heap before GC invocations=13 (full 0):
 garbage-first heap   total 143360K, used 92189K [0x0000000700000000, 0x0000000800000000)
  region size 2048K, 24 young (49152K), 1 survivors (2048K)
 Metaspace       used 24416K, committed 24768K, reserved 1073152K
  class space    used 3038K, committed 3200K, reserved 1048576K
}
Event: 9.485 GC heap after
{Heap after GC invocations=14 (full 0):
 garbage-first heap   total 374784K, used 50900K [0x0000000700000000, 0x0000000800000000)
  region size 2048K, 3 young (6144K), 3 survivors (6144K)
 Metaspace       used 24416K, committed 24768K, reserved 1073152K
  class space    used 3038K, committed 3200K, reserved 1048576K
}
Event: 10.847 GC heap before
{Heap before GC invocations=14 (full 0):
 garbage-first heap   total 374784K, used 267988K [0x0000000700000000, 0x0000000800000000)
  region size 2048K, 109 young (223232K), 3 survivors (6144K)
 Metaspace       used 25344K, committed 25728K, reserved 1073152K
  class space    used 3166K, committed 3328K, reserved 1048576K
}
Event: 10.907 GC heap after
{Heap after GC invocations=15 (full 0):
 garbage-first heap   total 374784K, used 78205K [0x0000000700000000, 0x0000000800000000)
  region size 2048K, 14 young (28672K), 14 survivors (28672K)
 Metaspace       used 25344K, committed 25728K, reserved 1073152K
  class space    used 3166K, committed 3328K, reserved 1048576K
}
Event: 12.853 GC heap before
{Heap before GC invocations=15 (full 0):
 garbage-first heap   total 374784K, used 172413K [0x0000000700000000, 0x0000000800000000)
  region size 2048K, 62 young (126976K), 14 survivors (28672K)
 Metaspace       used 35710K, committed 36096K, reserved 1081344K
  class space    used 5054K, committed 5248K, reserved 1048576K
}
Event: 12.988 GC heap after
{Heap after GC invocations=16 (full 0):
 garbage-first heap   total 374784K, used 102851K [0x0000000700000000, 0x0000000800000000)
  region size 2048K, 12 young (24576K), 12 survivors (24576K)
 Metaspace       used 35710K, committed 36096K, reserved 1081344K
  class space    used 5054K, committed 5248K, reserved 1048576K
}
Event: 18.403 GC heap before
{Heap before GC invocations=17 (full 0):
 garbage-first heap   total 368640K, used 264643K [0x0000000700000000, 0x0000000800000000)
  region size 2048K, 90 young (184320K), 12 survivors (24576K)
 Metaspace       used 51545K, committed 52096K, reserved 1097728K
  class space    used 7655K, committed 7936K, reserved 1048576K
}
Event: 18.500 GC heap after
{Heap after GC invocations=18 (full 0):
 garbage-first heap   total 368640K, used 121470K [0x0000000700000000, 0x0000000800000000)
  region size 2048K, 9 young (18432K), 9 survivors (18432K)
 Metaspace       used 51545K, committed 52096K, reserved 1097728K
  class space    used 7655K, committed 7936K, reserved 1048576K
}
Event: 20.427 GC heap before
{Heap before GC invocations=19 (full 0):
 garbage-first heap   total 368640K, used 266878K [0x0000000700000000, 0x0000000800000000)
  region size 2048K, 80 young (163840K), 9 survivors (18432K)
 Metaspace       used 52436K, committed 52992K, reserved 1097728K
  class space    used 7782K, committed 8064K, reserved 1048576K
}
Event: 20.482 GC heap after
{Heap after GC invocations=20 (full 0):
 garbage-first heap   total 368640K, used 136177K [0x0000000700000000, 0x0000000800000000)
  region size 2048K, 7 young (14336K), 7 survivors (14336K)
 Metaspace       used 52436K, committed 52992K, reserved 1097728K
  class space    used 7782K, committed 8064K, reserved 1048576K
}
Event: 23.066 GC heap before
{Heap before GC invocations=20 (full 0):
 garbage-first heap   total 368640K, used 277489K [0x0000000700000000, 0x0000000800000000)
  region size 2048K, 76 young (155648K), 7 survivors (14336K)
 Metaspace       used 53840K, committed 54464K, reserved 1097728K
  class space    used 7961K, committed 8256K, reserved 1048576K
}
Event: 23.135 GC heap after
{Heap after GC invocations=21 (full 0):
 garbage-first heap   total 368640K, used 146334K [0x0000000700000000, 0x0000000800000000)
  region size 2048K, 6 young (12288K), 6 survivors (12288K)
 Metaspace       used 53840K, committed 54464K, reserved 1097728K
  class space    used 7961K, committed 8256K, reserved 1048576K
}
Event: 24.124 GC heap before
{Heap before GC invocations=21 (full 0):
 garbage-first heap   total 368640K, used 283550K [0x0000000700000000, 0x0000000800000000)
  region size 2048K, 73 young (149504K), 6 survivors (12288K)
 Metaspace       used 54655K, committed 55232K, reserved 1097728K
  class space    used 8059K, committed 8320K, reserved 1048576K
}
Event: 24.153 GC heap after
{Heap after GC invocations=22 (full 0):
 garbage-first heap   total 507904K, used 156420K [0x0000000700000000, 0x0000000800000000)
  region size 2048K, 10 young (20480K), 10 survivors (20480K)
 Metaspace       used 54655K, committed 55232K, reserved 1097728K
  class space    used 8059K, committed 8320K, reserved 1048576K
}

