# JRE version: OpenJDK Runtime Environment (17.0.2+8) (build 17.0.2+8-86)
# Java VM: OpenJDK 64-Bit Server VM (17.0.2+8-86, mixed mode, sharing, tiered, compressed oops, compressed class ptrs, g1 gc, linux-amd64)
GC Precious Log:
 CPUs: 8 total, 8 available
 Memory: 32034M
 Large Page Support: Disabled
 NUMA Support: Disabled
 Compressed Oops: Enabled (Zero based)
 Heap Region Size: 2M
 Heap Min Capacity: 128M
 Heap Initial Capacity: 128M
 Heap Max Capacity: 4G
 Pre-touch: Disabled
 Parallel Workers: 8
 Concurrent Workers: 2
 Concurrent Refinement Workers: 8
 Periodic GC: Disabled
Heap:
 garbage-first heap   total 538624K, used 273514K [0x0000000700000000, 0x0000000800000000)
  region size 2048K, 59 young (120832K), 15 survivors (30720K)
 Metaspace       used 70016K, committed 70720K, reserved 1114112K
  class space    used 9417K, committed 9728K, reserved 1048576K
GC Heap History (20 events):
Event: 7.203 GC heap before
{Heap before GC invocations=12 (full 0):
 garbage-first heap   total 143360K, used 46962K [0x0000000700000000, 0x0000000800000000)
  region size 2048K, 6 young (12288K), 5 survivors (10240K)
 Metaspace       used 23683K, committed 24000K, reserved 1073152K
  class space    used 2924K, committed 3072K, reserved 1048576K
}
Event: 7.217 GC heap after
{Heap after GC invocations=13 (full 0):
 garbage-first heap   total 143360K, used 47125K [0x0000000700000000, 0x0000000800000000)
  region size 2048K, 1 young (2048K), 1 survivors (2048K)
 Metaspace       used 23683K, committed 24000K, reserved 1073152K
  class space    used 2924K, committed 3072K, reserved 1048576K
}
Event: 7.767 GC heap before
{Heap before GC invocations=13 (full 0):
 garbage-first heap   total 143360K, used 94229K [0x0000000700000000, 0x0000000800000000)
  region size 2048K, 24 young (49152K), 1 survivors (2048K)
 Metaspace       used 24409K, committed 24768K, reserved 1073152K
  class space    used 3038K, committed 3200K, reserved 1048576K
}
Event: 7.780 GC heap after
{Heap after GC invocations=14 (full 0):
 garbage-first heap   total 143360K, used 53098K [0x0000000700000000, 0x0000000800000000)
  region size 2048K, 3 young (6144K), 3 survivors (6144K)
 Metaspace       used 24409K, committed 24768K, reserved 1073152K
  class space    used 3038K, committed 3200K, reserved 1048576K
}
Event: 8.198 GC heap before
{Heap before GC invocations=14 (full 0):
 garbage-first heap   total 143360K, used 100202K [0x0000000700000000, 0x0000000800000000)
  region size 2048K, 26 young (53248K), 3 survivors (6144K)
 Metaspace       used 24683K, committed 25088K, reserved 1073152K
  class space    used 3070K, committed 3264K, reserved 1048576K
}
Event: 8.264 GC heap after
{Heap after GC invocations=15 (full 0):
 garbage-first heap   total 286720K, used 60038K [0x0000000700000000, 0x0000000800000000)
  region size 2048K, 4 young (8192K), 4 survivors (8192K)
 Metaspace       used 24683K, committed 25088K, reserved 1073152K
  class space    used 3070K, committed 3264K, reserved 1048576K
}
Event: 9.294 GC heap before
{Heap before GC invocations=15 (full 0):
 garbage-first heap   total 286720K, used 209542K [0x0000000700000000, 0x0000000800000000)
  region size 2048K, 77 young (157696K), 4 survivors (8192K)
 Metaspace       used 25150K, committed 25472K, reserved 1073152K
  class space    used 3130K, committed 3264K, reserved 1048576K
}
Event: 9.391 GC heap after
{Heap after GC invocations=16 (full 0):
 garbage-first heap   total 286720K, used 77110K [0x0000000700000000, 0x0000000800000000)
  region size 2048K, 10 young (20480K), 10 survivors (20480K)
 Metaspace       used 25150K, committed 25472K, reserved 1073152K
  class space    used 3130K, committed 3264K, reserved 1048576K
}
Event: 11.678 GC heap before
{Heap before GC invocations=16 (full 0):
 garbage-first heap   total 286720K, used 197942K [0x0000000700000000, 0x0000000800000000)
  region size 2048K, 71 young (145408K), 10 survivors (20480K)
 Metaspace       used 35882K, committed 36288K, reserved 1081344K
  class space    used 5091K, committed 5248K, reserved 1048576K
}
Event: 11.758 GC heap after
{Heap after GC invocations=17 (full 0):
 garbage-first heap   total 286720K, used 103392K [0x0000000700000000, 0x0000000800000000)
  region size 2048K, 10 young (20480K), 10 survivors (20480K)
 Metaspace       used 35882K, committed 36288K, reserved 1081344K
  class space    used 5091K, committed 5248K, reserved 1048576K
}
Event: 15.580 GC heap before
{Heap before GC invocations=18 (full 0):
 garbage-first heap   total 286720K, used 211936K [0x0000000700000000, 0x0000000800000000)
  region size 2048K, 62 young (126976K), 10 survivors (20480K)
 Metaspace       used 48704K, committed 49280K, reserved 1097728K
  class space    used 7199K, committed 7424K, reserved 1048576K
}
Event: 15.630 GC heap after
{Heap after GC invocations=19 (full 0):
 garbage-first heap   total 286720K, used 119772K [0x0000000700000000, 0x0000000800000000)
  region size 2048K, 6 young (12288K), 6 survivors (12288K)
 Metaspace       used 48704K, committed 49280K, reserved 1097728K
  class space    used 7199K, committed 7424K, reserved 1048576K
}
Event: 17.471 GC heap before
{Heap before GC invocations=20 (full 0):
 garbage-first heap   total 286720K, used 213980K [0x0000000700000000, 0x0000000800000000)
  region size 2048K, 52 young (106496K), 6 survivors (12288K)
 Metaspace       used 51412K, committed 52032K, reserved 1097728K
  class space    used 7653K, committed 7936K, reserved 1048576K
}
Event: 17.541 GC heap after
{Heap after GC invocations=21 (full 0):
 garbage-first heap   total 286720K, used 130343K [0x0000000700000000, 0x0000000800000000)
  region size 2048K, 5 young (10240K), 5 survivors (10240K)
 Metaspace       used 51412K, committed 52032K, reserved 1097728K
  class space    used 7653K, committed 7936K, reserved 1048576K
}
Event: 18.903 GC heap before
{Heap before GC invocations=21 (full 0):
 garbage-first heap   total 286720K, used 218407K [0x0000000700000000, 0x0000000800000000)
  region size 2048K, 48 young (98304K), 5 survivors (10240K)
 Metaspace       used 52368K, committed 52928K, reserved 1097728K
  class space    used 7778K, committed 8064K, reserved 1048576K
}
Event: 18.948 GC heap after
{Heap after GC invocations=22 (full 0):
 garbage-first heap   total 538624K, used 138208K [0x0000000700000000, 0x0000000800000000)
  region size 2048K, 4 young (8192K), 4 survivors (8192K)
 Metaspace       used 52368K, committed 52928K, reserved 1097728K
  class space    used 7778K, committed 8064K, reserved 1048576K
}
Event: 22.401 GC heap before
{Heap before GC invocations=22 (full 0):
 garbage-first heap   total 538624K, used 392160K [0x0000000700000000, 0x0000000800000000)
  region size 2048K, 128 young (262144K), 4 survivors (8192K)
 Metaspace       used 53845K, committed 54464K, reserved 1097728K
  class space    used 7964K, committed 8256K, reserved 1048576K
}
Event: 22.481 GC heap after
{Heap after GC invocations=23 (full 0):
 garbage-first heap   total 538624K, used 156203K [0x0000000700000000, 0x0000000800000000)
  region size 2048K, 13 young (26624K), 13 survivors (26624K)
 Metaspace       used 53845K, committed 54464K, reserved 1097728K
  class space    used 7964K, committed 8256K, reserved 1048576K
}
Event: 27.208 GC heap before
{Heap before GC invocations=23 (full 0):
 garbage-first heap   total 538624K, used 406059K [0x0000000700000000, 0x0000000800000000)
  region size 2048K, 135 young (276480K), 13 survivors (26624K)
 Metaspace       used 70012K, committed 70720K, reserved 1114112K
  class space    used 9417K, committed 9728K, reserved 1048576K
}
Event: 27.239 GC heap after
{Heap after GC invocations=24 (full 0):
 garbage-first heap   total 538624K, used 185450K [0x0000000700000000, 0x0000000800000000)
  region size 2048K, 15 young (30720K), 15 survivors (30720K)
 Metaspace       used 70012K, committed 70720K, reserved 1114112K
  class space    used 9417K, committed 9728K, reserved 1048576K
}

