# JRE version: OpenJDK Runtime Environment (17.0.2+8) (build 17.0.2+8-86)
# Java VM: OpenJDK 64-Bit Server VM (17.0.2+8-86, mixed mode, sharing, tiered, compressed oops, compressed class ptrs, g1 gc, linux-amd64)
GC Precious Log:
 CPUs: 8 total, 8 available
 Memory: 32034M
 Large Page Support: Disabled
 NUMA Support: Disabled
 Compressed Oops: Enabled (32-bit)
 Heap Region Size: 1M
 Heap Min Capacity: 128M
 Heap Initial Capacity: 128M
 Heap Max Capacity: 2G
 Pre-touch: Disabled
 Parallel Workers: 8
 Concurrent Workers: 2
 Concurrent Refinement Workers: 8
 Periodic GC: Disabled
Heap:
 garbage-first heap   total 396288K, used 240934K [0x0000000080000000, 0x0000000100000000)
  region size 1024K, 101 young (103424K), 13 survivors (13312K)
 Metaspace       used 69744K, committed 70400K, reserved 1114112K
  class space    used 9321K, committed 9600K, reserved 1048576K
GC Heap History (20 events):
Event: 8.356 GC heap before
{Heap before GC invocations=13 (full 0):
 garbage-first heap   total 131072K, used 91985K [0x0000000080000000, 0x0000000100000000)
  region size 1024K, 47 young (48128K), 1 survivors (1024K)
 Metaspace       used 24620K, committed 24960K, reserved 1073152K
  class space    used 3058K, committed 3200K, reserved 1048576K
}
Event: 8.390 GC heap after
{Heap after GC invocations=14 (full 0):
 garbage-first heap   total 131072K, used 49688K [0x0000000080000000, 0x0000000100000000)
  region size 1024K, 6 young (6144K), 6 survivors (6144K)
 Metaspace       used 24620K, committed 24960K, reserved 1073152K
  class space    used 3058K, committed 3200K, reserved 1048576K
}
Event: 8.876 GC heap before
{Heap before GC invocations=14 (full 0):
 garbage-first heap   total 131072K, used 94744K [0x0000000080000000, 0x0000000100000000)
  region size 1024K, 50 young (51200K), 6 survivors (6144K)
 Metaspace       used 25028K, committed 25408K, reserved 1073152K
  class space    used 3105K, committed 3264K, reserved 1048576K
}
Event: 8.908 GC heap after
{Heap after GC invocations=15 (full 0):
 garbage-first heap   total 291840K, used 56091K [0x0000000080000000, 0x0000000100000000)
  region size 1024K, 7 young (7168K), 7 survivors (7168K)
 Metaspace       used 25028K, committed 25408K, reserved 1073152K
  class space    used 3105K, committed 3264K, reserved 1048576K
}
Event: 9.918 GC heap before
{Heap before GC invocations=15 (full 0):
 garbage-first heap   total 291840K, used 206619K [0x0000000080000000, 0x0000000100000000)
  region size 1024K, 154 young (157696K), 7 survivors (7168K)
 Metaspace       used 25572K, committed 25920K, reserved 1073152K
  class space    used 3173K, committed 3328K, reserved 1048576K
}
Event: 9.987 GC heap after
{Heap after GC invocations=16 (full 0):
 garbage-first heap   total 291840K, used 74007K [0x0000000080000000, 0x0000000100000000)
  region size 1024K, 20 young (20480K), 20 survivors (20480K)
 Metaspace       used 25572K, committed 25920K, reserved 1073152K
  class space    used 3173K, committed 3328K, reserved 1048576K
}
Event: 12.245 GC heap before
{Heap before GC invocations=16 (full 0):
 garbage-first heap   total 291840K, used 205079K [0x0000000080000000, 0x0000000100000000)
  region size 1024K, 148 young (151552K), 20 survivors (20480K)
 Metaspace       used 34701K, committed 35072K, reserved 1081344K
  class space    used 4776K, committed 4928K, reserved 1048576K
}
Event: 12.336 GC heap after
{Heap after GC invocations=17 (full 0):
 garbage-first heap   total 291840K, used 101730K [0x0000000080000000, 0x0000000100000000)
  region size 1024K, 19 young (19456K), 19 survivors (19456K)
 Metaspace       used 34701K, committed 35072K, reserved 1081344K
  class space    used 4776K, committed 4928K, reserved 1048576K
}
Event: 12.507 GC heap before
{Heap before GC invocations=17 (full 0):
 garbage-first heap   total 291840K, used 103778K [0x0000000080000000, 0x0000000100000000)
  region size 1024K, 22 young (22528K), 19 survivors (19456K)
 Metaspace       used 35711K, committed 36096K, reserved 1081344K
  class space    used 4994K, committed 5184K, reserved 1048576K
}
Event: 12.560 GC heap after
{Heap after GC invocations=18 (full 0):
 garbage-first heap   total 291840K, used 105440K [0x0000000080000000, 0x0000000100000000)
  region size 1024K, 3 young (3072K), 3 survivors (3072K)
 Metaspace       used 35711K, committed 36096K, reserved 1081344K
  class space    used 4994K, committed 5184K, reserved 1048576K
}
Event: 16.772 GC heap before
{Heap before GC invocations=19 (full 0):
 garbage-first heap   total 291840K, used 217056K [0x0000000080000000, 0x0000000100000000)
  region size 1024K, 110 young (112640K), 3 survivors (3072K)
 Metaspace       used 49069K, committed 49600K, reserved 1097728K
  class space    used 7212K, committed 7424K, reserved 1048576K
}
Event: 16.799 GC heap after
{Heap after GC invocations=20 (full 0):
 garbage-first heap   total 291840K, used 116662K [0x0000000080000000, 0x0000000100000000)
  region size 1024K, 12 young (12288K), 12 survivors (12288K)
 Metaspace       used 49069K, committed 49600K, reserved 1097728K
  class space    used 7212K, committed 7424K, reserved 1048576K
}
Event: 18.871 GC heap before
{Heap before GC invocations=21 (full 0):
 garbage-first heap   total 291840K, used 220086K [0x0000000080000000, 0x0000000100000000)
  region size 1024K, 113 young (115712K), 12 survivors (12288K)
 Metaspace       used 51828K, committed 52416K, reserved 1097728K
  class space    used 7689K, committed 7936K, reserved 1048576K
}
Event: 18.920 GC heap after
{Heap after GC invocations=22 (full 0):
 garbage-first heap   total 291840K, used 126876K [0x0000000080000000, 0x0000000100000000)
  region size 1024K, 11 young (11264K), 11 survivors (11264K)
 Metaspace       used 51828K, committed 52416K, reserved 1097728K
  class space    used 7689K, committed 7936K, reserved 1048576K
}
Event: 18.950 GC heap before
{Heap before GC invocations=22 (full 0):
 garbage-first heap   total 291840K, used 128924K [0x0000000080000000, 0x0000000100000000)
  region size 1024K, 14 young (14336K), 11 survivors (11264K)
 Metaspace       used 51855K, committed 52416K, reserved 1097728K
  class space    used 7694K, committed 7936K, reserved 1048576K
}
Event: 18.991 GC heap after
{Heap after GC invocations=23 (full 0):
 garbage-first heap   total 396288K, used 126843K [0x0000000080000000, 0x0000000100000000)
  region size 1024K, 2 young (2048K), 2 survivors (2048K)
 Metaspace       used 51855K, committed 52416K, reserved 1097728K
  class space    used 7694K, committed 7936K, reserved 1048576K
}
Event: 22.597 GC heap before
{Heap before GC invocations=23 (full 0):
 garbage-first heap   total 396288K, used 298875K [0x0000000080000000, 0x0000000100000000)
  region size 1024K, 170 young (174080K), 2 survivors (2048K)
 Metaspace       used 53636K, committed 54208K, reserved 1097728K
  class space    used 7924K, committed 8192K, reserved 1048576K
}
Event: 22.632 GC heap after
{Heap after GC invocations=24 (full 0):
 garbage-first heap   total 396288K, used 137542K [0x0000000080000000, 0x0000000100000000)
  region size 1024K, 12 young (12288K), 12 survivors (12288K)
 Metaspace       used 53636K, committed 54208K, reserved 1097728K
  class space    used 7924K, committed 8192K, reserved 1048576K
}
Event: 23.655 GC heap before
{Heap before GC invocations=24 (full 0):
 garbage-first heap   total 396288K, used 302406K [0x0000000080000000, 0x0000000100000000)
  region size 1024K, 173 young (177152K), 12 survivors (12288K)
 Metaspace       used 53665K, committed 54208K, reserved 1097728K
  class space    used 7928K, committed 8192K, reserved 1048576K
}
Event: 23.727 GC heap after
{Heap after GC invocations=25 (full 0):
 garbage-first heap   total 396288K, used 150822K [0x0000000080000000, 0x0000000100000000)
  region size 1024K, 13 young (13312K), 13 survivors (13312K)
 Metaspace       used 53665K, committed 54208K, reserved 1097728K
  class space    used 7928K, committed 8192K, reserved 1048576K
}

